[2016-05-11 10:57:59,081][INFO ][monitor.jvm              ] [hilt-1] [gc][young][3216][7] duration [946ms], collections [1]/[1.6s], total [946ms]/[1.4s], memory [153.1mb]->[20.4mb]/[1007.3mb], all_pools {[young] [132.8mb]->[108.4kb]/[133.1mb]}{[survivor] [2.9mb]->[2.9mb]/[16.6mb]}{[old] [17.3mb]->[17.3mb]/[857.6mb]}
[2016-05-11 13:24:01,927][INFO ][node                     ] [hilt-1] stopping ...
[2016-05-11 13:24:08,451][WARN ][discovery.zen.ping.unicast] [hilt-1] failed to send ping to [{#zen_unicast_1#}{127.0.0.1}{127.0.0.1:9300}]
SendRequestTransportException[[hilt-1][localhost/127.0.0.1:9300][internal:discovery/zen/unicast]]; nested: TransportException[TransportService is closed stopped can't send request];
	at org.elasticsearch.transport.TransportService.sendRequest(TransportService.java:340)
	at org.elasticsearch.discovery.zen.ping.unicast.UnicastZenPing.sendPingRequestToNode(UnicastZenPing.java:440)
	at org.elasticsearch.discovery.zen.ping.unicast.UnicastZenPing.sendPings(UnicastZenPing.java:426)
	at org.elasticsearch.discovery.zen.ping.unicast.UnicastZenPing$2$1.doRun(UnicastZenPing.java:253)
	at org.elasticsearch.common.util.concurrent.AbstractRunnable.run(AbstractRunnable.java:37)
	at java.util.concurrent.ThreadPoolExecutor.runWorker(ThreadPoolExecutor.java:1145)
	at java.util.concurrent.ThreadPoolExecutor$Worker.run(ThreadPoolExecutor.java:615)
	at java.lang.Thread.run(Thread.java:745)
Caused by: TransportException[TransportService is closed stopped can't send request]
	at org.elasticsearch.transport.TransportService.sendRequest(TransportService.java:320)
	... 7 more
[2016-05-11 13:24:09,514][INFO ][node                     ] [hilt-1] stopped
[2016-05-11 13:24:09,681][INFO ][node                     ] [hilt-1] closing ...
[2016-05-11 13:24:08,615][WARN ][discovery.zen.ping.unicast] [hilt-1] [3978] failed send ping to {#zen_unicast_8#}{::1}{[::1]:9302}
java.lang.IllegalStateException: can't add nodes to a stopped transport
	at org.elasticsearch.transport.netty.NettyTransport.connectToNode(NettyTransport.java:898)
	at org.elasticsearch.transport.netty.NettyTransport.connectToNodeLight(NettyTransport.java:888)
	at org.elasticsearch.transport.TransportService.connectToNodeLight(TransportService.java:267)
	at org.elasticsearch.discovery.zen.ping.unicast.UnicastZenPing$3.run(UnicastZenPing.java:395)
	at java.util.concurrent.ThreadPoolExecutor.runWorker(ThreadPoolExecutor.java:1145)
	at java.util.concurrent.ThreadPoolExecutor$Worker.run(ThreadPoolExecutor.java:615)
	at java.lang.Thread.run(Thread.java:745)
[2016-05-11 13:24:08,620][WARN ][discovery.zen.ping.unicast] [hilt-1] [3978] failed send ping to {#zen_unicast_7#}{::1}{[::1]:9301}
java.lang.IllegalStateException: can't add nodes to a stopped transport
	at org.elasticsearch.transport.netty.NettyTransport.connectToNode(NettyTransport.java:898)
	at org.elasticsearch.transport.netty.NettyTransport.connectToNodeLight(NettyTransport.java:888)
	at org.elasticsearch.transport.TransportService.connectToNodeLight(TransportService.java:267)
	at org.elasticsearch.discovery.zen.ping.unicast.UnicastZenPing$3.run(UnicastZenPing.java:395)
	at java.util.concurrent.ThreadPoolExecutor.runWorker(ThreadPoolExecutor.java:1145)
	at java.util.concurrent.ThreadPoolExecutor$Worker.run(ThreadPoolExecutor.java:615)
	at java.lang.Thread.run(Thread.java:745)
[2016-05-11 13:24:08,617][WARN ][discovery.zen.ping.unicast] [hilt-1] [3978] failed send ping to {#zen_unicast_3#}{127.0.0.1}{127.0.0.1:9302}
java.lang.IllegalStateException: can't add nodes to a stopped transport
	at org.elasticsearch.transport.netty.NettyTransport.connectToNode(NettyTransport.java:898)
	at org.elasticsearch.transport.netty.NettyTransport.connectToNodeLight(NettyTransport.java:888)
	at org.elasticsearch.transport.TransportService.connectToNodeLight(TransportService.java:267)
	at org.elasticsearch.discovery.zen.ping.unicast.UnicastZenPing$3.run(UnicastZenPing.java:395)
	at java.util.concurrent.ThreadPoolExecutor.runWorker(ThreadPoolExecutor.java:1145)
	at java.util.concurrent.ThreadPoolExecutor$Worker.run(ThreadPoolExecutor.java:615)
	at java.lang.Thread.run(Thread.java:745)
[2016-05-11 13:24:08,451][WARN ][discovery.zen.ping.unicast] [hilt-1] failed to send ping to [{hilt-1}{u1Vlmag_TUK1QOF_Ba9xNA}{127.0.0.1}{localhost/127.0.0.1:9300}{master=false}]
SendRequestTransportException[[hilt-1][localhost/127.0.0.1:9300][internal:discovery/zen/unicast]]; nested: TransportException[TransportService is closed stopped can't send request];
	at org.elasticsearch.transport.TransportService.sendRequest(TransportService.java:340)
	at org.elasticsearch.discovery.zen.ping.unicast.UnicastZenPing.sendPingRequestToNode(UnicastZenPing.java:440)
	at org.elasticsearch.discovery.zen.ping.unicast.UnicastZenPing.sendPings(UnicastZenPing.java:426)
	at org.elasticsearch.discovery.zen.ping.unicast.UnicastZenPing$2$1.doRun(UnicastZenPing.java:253)
	at org.elasticsearch.common.util.concurrent.AbstractRunnable.run(AbstractRunnable.java:37)
	at java.util.concurrent.ThreadPoolExecutor.runWorker(ThreadPoolExecutor.java:1145)
	at java.util.concurrent.ThreadPoolExecutor$Worker.run(ThreadPoolExecutor.java:615)
	at java.lang.Thread.run(Thread.java:745)
Caused by: TransportException[TransportService is closed stopped can't send request]
	at org.elasticsearch.transport.TransportService.sendRequest(TransportService.java:320)
	... 7 more
[2016-05-11 13:24:08,616][WARN ][discovery.zen.ping.unicast] [hilt-1] [3978] failed send ping to {#zen_unicast_10#}{::1}{[::1]:9304}
java.lang.IllegalStateException: can't add nodes to a stopped transport
	at org.elasticsearch.transport.netty.NettyTransport.connectToNode(NettyTransport.java:898)
	at org.elasticsearch.transport.netty.NettyTransport.connectToNodeLight(NettyTransport.java:888)
	at org.elasticsearch.transport.TransportService.connectToNodeLight(TransportService.java:267)
	at org.elasticsearch.discovery.zen.ping.unicast.UnicastZenPing$3.run(UnicastZenPing.java:395)
	at java.util.concurrent.ThreadPoolExecutor.runWorker(ThreadPoolExecutor.java:1145)
	at java.util.concurrent.ThreadPoolExecutor$Worker.run(ThreadPoolExecutor.java:615)
	at java.lang.Thread.run(Thread.java:745)
[2016-05-11 13:24:08,615][WARN ][discovery.zen.ping.unicast] [hilt-1] [3978] failed send ping to {#zen_unicast_4#}{127.0.0.1}{127.0.0.1:9303}
java.lang.IllegalStateException: can't add nodes to a stopped transport
	at org.elasticsearch.transport.netty.NettyTransport.connectToNode(NettyTransport.java:898)
	at org.elasticsearch.transport.netty.NettyTransport.connectToNodeLight(NettyTransport.java:888)
	at org.elasticsearch.transport.TransportService.connectToNodeLight(TransportService.java:267)
	at org.elasticsearch.discovery.zen.ping.unicast.UnicastZenPing$3.run(UnicastZenPing.java:395)
	at java.util.concurrent.ThreadPoolExecutor.runWorker(ThreadPoolExecutor.java:1145)
	at java.util.concurrent.ThreadPoolExecutor$Worker.run(ThreadPoolExecutor.java:615)
	at java.lang.Thread.run(Thread.java:745)
[2016-05-11 13:24:08,615][WARN ][discovery.zen.ping.unicast] [hilt-1] [3978] failed send ping to {#zen_unicast_2#}{127.0.0.1}{127.0.0.1:9301}
java.lang.IllegalStateException: can't add nodes to a stopped transport
	at org.elasticsearch.transport.netty.NettyTransport.connectToNode(NettyTransport.java:898)
	at org.elasticsearch.transport.netty.NettyTransport.connectToNodeLight(NettyTransport.java:888)
	at org.elasticsearch.transport.TransportService.connectToNodeLight(TransportService.java:267)
	at org.elasticsearch.discovery.zen.ping.unicast.UnicastZenPing$3.run(UnicastZenPing.java:395)
	at java.util.concurrent.ThreadPoolExecutor.runWorker(ThreadPoolExecutor.java:1145)
	at java.util.concurrent.ThreadPoolExecutor$Worker.run(ThreadPoolExecutor.java:615)
	at java.lang.Thread.run(Thread.java:745)
[2016-05-11 13:24:08,615][WARN ][discovery.zen.ping.unicast] [hilt-1] [3978] failed send ping to {#zen_unicast_5#}{127.0.0.1}{127.0.0.1:9304}
java.lang.IllegalStateException: can't add nodes to a stopped transport
	at org.elasticsearch.transport.netty.NettyTransport.connectToNode(NettyTransport.java:898)
	at org.elasticsearch.transport.netty.NettyTransport.connectToNodeLight(NettyTransport.java:888)
	at org.elasticsearch.transport.TransportService.connectToNodeLight(TransportService.java:267)
	at org.elasticsearch.discovery.zen.ping.unicast.UnicastZenPing$3.run(UnicastZenPing.java:395)
	at java.util.concurrent.ThreadPoolExecutor.runWorker(ThreadPoolExecutor.java:1145)
	at java.util.concurrent.ThreadPoolExecutor$Worker.run(ThreadPoolExecutor.java:615)
	at java.lang.Thread.run(Thread.java:745)
[2016-05-11 13:24:08,615][WARN ][discovery.zen.ping.unicast] [hilt-1] [3978] failed send ping to {#zen_unicast_6#}{::1}{[::1]:9300}
java.lang.IllegalStateException: can't add nodes to a stopped transport
	at org.elasticsearch.transport.netty.NettyTransport.connectToNode(NettyTransport.java:898)
	at org.elasticsearch.transport.netty.NettyTransport.connectToNodeLight(NettyTransport.java:888)
	at org.elasticsearch.transport.TransportService.connectToNodeLight(TransportService.java:267)
	at org.elasticsearch.discovery.zen.ping.unicast.UnicastZenPing$3.run(UnicastZenPing.java:395)
	at java.util.concurrent.ThreadPoolExecutor.runWorker(ThreadPoolExecutor.java:1145)
	at java.util.concurrent.ThreadPoolExecutor$Worker.run(ThreadPoolExecutor.java:615)
	at java.lang.Thread.run(Thread.java:745)
[2016-05-11 13:24:08,622][WARN ][discovery.zen.ping.unicast] [hilt-1] [3978] failed send ping to {#zen_unicast_9#}{::1}{[::1]:9303}
java.lang.IllegalStateException: can't add nodes to a stopped transport
	at org.elasticsearch.transport.netty.NettyTransport.connectToNode(NettyTransport.java:898)
	at org.elasticsearch.transport.netty.NettyTransport.connectToNodeLight(NettyTransport.java:888)
	at org.elasticsearch.transport.TransportService.connectToNodeLight(TransportService.java:267)
	at org.elasticsearch.discovery.zen.ping.unicast.UnicastZenPing$3.run(UnicastZenPing.java:395)
	at java.util.concurrent.ThreadPoolExecutor.runWorker(ThreadPoolExecutor.java:1145)
	at java.util.concurrent.ThreadPoolExecutor$Worker.run(ThreadPoolExecutor.java:615)
	at java.lang.Thread.run(Thread.java:745)
[2016-05-11 13:24:10,609][INFO ][node                     ] [hilt-1] closed
